<?xml version="1.0" encoding="UTF-8"?>
<robot generator="Robot 3.0.4 (Python 3.6.4 on win32)" generated="20180514 21:22:24.295">
<suite id="s1" name="Test1" source="D:\Apple\RobotRide\RobotRide\Test1.txt">
<kw name="HomePage" type="setup">
<kw name="Open Browser" library="SeleniumLibrary">
<doc>Opens a new browser instance to the given ``url``.</doc>
<arguments>
<arg>https://www.google.com</arg>
<arg>chrome</arg>
</arguments>
<msg timestamp="20180514 21:22:24.445" level="INFO">Opening browser 'chrome' to base url 'https://www.google.com'.</msg>
<status status="PASS" starttime="20180514 21:22:24.445" endtime="20180514 21:22:32.761"></status>
</kw>
<status status="PASS" starttime="20180514 21:22:24.444" endtime="20180514 21:22:32.761"></status>
</kw>
<test id="s1-t1" name="Test2">
<kw name="Open Browser" library="SeleniumLibrary">
<doc>Opens a new browser instance to the given ``url``.</doc>
<arguments>
<arg>${url}</arg>
<arg>chrome</arg>
</arguments>
<msg timestamp="20180514 21:22:32.763" level="INFO">Opening browser 'chrome' to base url 'http://opensource.demo.orangehrmlive.com/index.php/auth/login'.</msg>
<status status="PASS" starttime="20180514 21:22:32.762" endtime="20180514 21:22:40.246"></status>
</kw>
<kw name="Input Text" library="SeleniumLibrary">
<doc>Types the given ``text`` into text field identified by ``locator``.</doc>
<arguments>
<arg>id=txtUsername</arg>
<arg>&amp;{Login}[Username]</arg>
</arguments>
<msg timestamp="20180514 21:22:40.247" level="INFO">Typing text 'Admin' into text field 'id=txtUsername'.</msg>
<status status="PASS" starttime="20180514 21:22:40.247" endtime="20180514 21:22:40.337"></status>
</kw>
<kw name="Input Text" library="SeleniumLibrary">
<doc>Types the given ``text`` into text field identified by ``locator``.</doc>
<arguments>
<arg>id=txtPassword</arg>
<arg>&amp;{Login}[Password]</arg>
</arguments>
<msg timestamp="20180514 21:22:40.339" level="INFO">Typing text 'admin' into text field 'id=txtPassword'.</msg>
<status status="PASS" starttime="20180514 21:22:40.338" endtime="20180514 21:22:40.419"></status>
</kw>
<kw name="Click Button" library="SeleniumLibrary">
<doc>Clicks button identified by ``locator``.</doc>
<arguments>
<arg>id=btnLogin</arg>
</arguments>
<msg timestamp="20180514 21:22:40.420" level="INFO">Clicking button 'id=btnLogin'.</msg>
<status status="PASS" starttime="20180514 21:22:40.420" endtime="20180514 21:22:43.728"></status>
</kw>
<kw name="Close Browser" library="SeleniumLibrary">
<doc>Closes the current browser.</doc>
<status status="PASS" starttime="20180514 21:22:43.729" endtime="20180514 21:22:46.834"></status>
</kw>
<kw name="Log To Console" library="BuiltIn">
<doc>Logs the given message to the console.</doc>
<arguments>
<arg>%{username} run this test on %{os}</arg>
</arguments>
<status status="PASS" starttime="20180514 21:22:46.834" endtime="20180514 21:22:46.835"></status>
</kw>
<tags>
<tag>Test2</tag>
</tags>
<status status="PASS" starttime="20180514 21:22:32.761" endtime="20180514 21:22:46.836" critical="no"></status>
</test>
<kw name="Close All Browsers" library="SeleniumLibrary" type="teardown">
<doc>Closes all open browsers and resets the browser cache.</doc>
<status status="PASS" starttime="20180514 21:22:46.839" endtime="20180514 21:22:49.936"></status>
</kw>
<status status="PASS" starttime="20180514 21:22:24.296" endtime="20180514 21:22:49.936"></status>
</suite>
<statistics>
<total>
<stat pass="0" fail="0">Critical Tests</stat>
<stat pass="1" fail="0">All Tests</stat>
</total>
<tag>
<stat pass="1" fail="0" info="non-critical">Test2</stat>
</tag>
<suite>
<stat pass="1" fail="0" id="s1" name="Test1">Test1</stat>
</suite>
</statistics>
<errors>
</errors>
</robot>
