<?xml version="1.0" encoding="UTF-8"?>
<robot generator="Robot 3.0.4 (Python 3.6.4 on win32)" generated="20180514 21:21:04.584">
<suite id="s1" name="Test1" source="D:\Apple\RobotRide\RobotRide\Test1.txt">
<kw name="HomePage" type="setup">
<kw name="Open Browser" library="SeleniumLibrary">
<doc>Opens a new browser instance to the given ``url``.</doc>
<arguments>
<arg>https://www.google.com</arg>
<arg>chrome</arg>
</arguments>
<msg timestamp="20180514 21:21:04.719" level="INFO">Opening browser 'chrome' to base url 'https://www.google.com'.</msg>
<status status="PASS" starttime="20180514 21:21:04.718" endtime="20180514 21:21:13.353"></status>
</kw>
<status status="PASS" starttime="20180514 21:21:04.717" endtime="20180514 21:21:13.353"></status>
</kw>
<test id="s1-t1" name="Test2">
<kw name="Open Browser" library="SeleniumLibrary">
<doc>Opens a new browser instance to the given ``url``.</doc>
<arguments>
<arg>${url}</arg>
<arg>chrome</arg>
</arguments>
<msg timestamp="20180514 21:21:13.354" level="INFO">Opening browser 'chrome' to base url 'http://opensource.demo.orangehrmlive.com/index.php/auth/login'.</msg>
<status status="PASS" starttime="20180514 21:21:13.354" endtime="20180514 21:21:20.688"></status>
</kw>
<kw name="Input Text" library="SeleniumLibrary">
<doc>Types the given ``text`` into text field identified by ``locator``.</doc>
<arguments>
<arg>id=txtUsername</arg>
<arg>&amp;{Login}[Username]</arg>
</arguments>
<msg timestamp="20180514 21:21:20.689" level="INFO">Typing text 'Admin' into text field 'id=txtUsername'.</msg>
<status status="PASS" starttime="20180514 21:21:20.689" endtime="20180514 21:21:20.769"></status>
</kw>
<kw name="Input Text" library="SeleniumLibrary">
<doc>Types the given ``text`` into text field identified by ``locator``.</doc>
<arguments>
<arg>id=txtPassword</arg>
<arg>&amp;{Login}[Password]</arg>
</arguments>
<msg timestamp="20180514 21:21:20.770" level="INFO">Typing text 'admin' into text field 'id=txtPassword'.</msg>
<status status="PASS" starttime="20180514 21:21:20.769" endtime="20180514 21:21:20.840"></status>
</kw>
<kw name="Click Button" library="SeleniumLibrary">
<doc>Clicks button identified by ``locator``.</doc>
<arguments>
<arg>id=btnLogin</arg>
</arguments>
<msg timestamp="20180514 21:21:20.841" level="INFO">Clicking button 'id=btnLogin'.</msg>
<status status="PASS" starttime="20180514 21:21:20.841" endtime="20180514 21:21:23.382"></status>
</kw>
<kw name="Close Browser" library="SeleniumLibrary">
<doc>Closes the current browser.</doc>
<status status="PASS" starttime="20180514 21:21:23.382" endtime="20180514 21:21:26.495"></status>
</kw>
<kw name="Log To Console" library="BuiltIn">
<doc>Logs the given message to the console.</doc>
<arguments>
<arg>%{username} run this test on %{os}</arg>
</arguments>
<status status="PASS" starttime="20180514 21:21:26.496" endtime="20180514 21:21:26.496"></status>
</kw>
<tags>
<tag>Test2</tag>
</tags>
<status status="PASS" starttime="20180514 21:21:13.353" endtime="20180514 21:21:26.497" critical="yes"></status>
</test>
<kw name="Close All Browsers" library="SeleniumLibrary" type="teardown">
<doc>Closes all open browsers and resets the browser cache.</doc>
<status status="PASS" starttime="20180514 21:21:26.500" endtime="20180514 21:21:29.603"></status>
</kw>
<status status="PASS" starttime="20180514 21:21:04.585" endtime="20180514 21:21:29.603"></status>
</suite>
<statistics>
<total>
<stat pass="1" fail="0">Critical Tests</stat>
<stat pass="1" fail="0">All Tests</stat>
</total>
<tag>
<stat pass="1" fail="0" info="critical">Test2</stat>
</tag>
<suite>
<stat pass="1" fail="0" id="s1" name="Test1">Test1</stat>
</suite>
</statistics>
<errors>
</errors>
</robot>
